2013-05-20 12:29:13.144+0000: WARNING! You are using an unsupported version of the Java runtime. Please use Oracle(R) Java(TM) Runtime Environment 6.
2013-05-20 12:29:13.218+0000: Creating new db @ /home/jeroldan/dev/github/katas/team.java/target/team-db/neostore
2013-05-20 12:29:13.397+0000: [/home/jeroldan/dev/github/katas/team.java/target/team-db/neostore.nodestore.db] brickCount=0 brickSize=1845486b mappedMem=184549376b (storeSize=0b)
2013-05-20 12:29:13.442+0000: /home/jeroldan/dev/github/katas/team.java/target/team-db/neostore.nodestore.db hit=1 miss=0 switches=0 ooe=0
2013-05-20 12:29:14.243+0000: [/home/jeroldan/dev/github/katas/team.java/target/team-db/neostore.relationshiptypestore.db.names] brickCount=0 brickSize=0b mappedMem=0b (storeSize=38b)
2013-05-20 12:29:14.247+0000: [/home/jeroldan/dev/github/katas/team.java/target/team-db/neostore.relationshiptypestore.db] brickCount=0 brickSize=0b mappedMem=0b (storeSize=0b)
2013-05-20 12:29:14.283+0000: /home/jeroldan/dev/github/katas/team.java/target/team-db/neostore.relationshiptypestore.db.names hit=0 miss=0 switches=0 ooe=0
2013-05-20 12:29:14.342+0000: /home/jeroldan/dev/github/katas/team.java/target/team-db/neostore.relationshiptypestore.db hit=0 miss=0 switches=0 ooe=0
2013-05-20 12:29:14.401+0000: [/home/jeroldan/dev/github/katas/team.java/target/team-db/neostore.relationshiptypestore.db.names] brickCount=0 brickSize=0b mappedMem=0b (storeSize=38b)
2013-05-20 12:29:14.402+0000: [/home/jeroldan/dev/github/katas/team.java/target/team-db/neostore.relationshiptypestore.db] brickCount=0 brickSize=0b mappedMem=0b (storeSize=0b)
2013-05-20 12:29:14.403+0000: [/home/jeroldan/dev/github/katas/team.java/target/team-db/neostore.propertystore.db.strings] brickCount=0 brickSize=565120b mappedMem=565182464b (storeSize=128b)
2013-05-20 12:29:14.404+0000: [/home/jeroldan/dev/github/katas/team.java/target/team-db/neostore.propertystore.db.index.keys] brickCount=0 brickSize=1026b mappedMem=1048576b (storeSize=38b)
2013-05-20 12:29:14.407+0000: [/home/jeroldan/dev/github/katas/team.java/target/team-db/neostore.propertystore.db.index] brickCount=0 brickSize=10485b mappedMem=1048576b (storeSize=0b)
2013-05-20 12:29:14.410+0000: [/home/jeroldan/dev/github/katas/team.java/target/team-db/neostore.propertystore.db.arrays] brickCount=0 brickSize=641664b mappedMem=641728512b (storeSize=128b)
2013-05-20 12:29:14.413+0000: [/home/jeroldan/dev/github/katas/team.java/target/team-db/neostore.propertystore.db] brickCount=0 brickSize=6647945b mappedMem=664797184b (storeSize=0b)
2013-05-20 12:29:14.415+0000: [/home/jeroldan/dev/github/katas/team.java/target/team-db/neostore.relationshipstore.db] brickCount=0 brickSize=8157897b mappedMem=815792128b (storeSize=0b)
2013-05-20 12:29:14.415+0000: [/home/jeroldan/dev/github/katas/team.java/target/team-db/neostore.nodestore.db] brickCount=0 brickSize=184545b mappedMem=184549376b (storeSize=9b)
2013-05-20 12:29:14.416+0000: [/home/jeroldan/dev/github/katas/team.java/target/team-db/neostore] brickCount=0 brickSize=0b mappedMem=0b (storeSize=0b)
2013-05-20 12:29:14.459+0000: /home/jeroldan/dev/github/katas/team.java/target/team-db/neostore.relationshiptypestore.db.names hit=0 miss=0 switches=0 ooe=0
2013-05-20 12:29:14.526+0000: /home/jeroldan/dev/github/katas/team.java/target/team-db/neostore.relationshiptypestore.db hit=0 miss=0 switches=0 ooe=0
2013-05-20 12:29:14.613+0000: /home/jeroldan/dev/github/katas/team.java/target/team-db/neostore.propertystore.db.strings hit=0 miss=0 switches=0 ooe=0
2013-05-20 12:29:14.680+0000: /home/jeroldan/dev/github/katas/team.java/target/team-db/neostore.propertystore.db.index.keys hit=0 miss=0 switches=0 ooe=0
2013-05-20 12:29:14.727+0000: /home/jeroldan/dev/github/katas/team.java/target/team-db/neostore.propertystore.db.index hit=0 miss=0 switches=0 ooe=0
2013-05-20 12:29:14.805+0000: /home/jeroldan/dev/github/katas/team.java/target/team-db/neostore.propertystore.db.arrays hit=0 miss=0 switches=0 ooe=0
2013-05-20 12:29:14.869+0000: /home/jeroldan/dev/github/katas/team.java/target/team-db/neostore.propertystore.db hit=0 miss=0 switches=0 ooe=0
2013-05-20 12:29:14.927+0000: /home/jeroldan/dev/github/katas/team.java/target/team-db/neostore.relationshipstore.db hit=0 miss=0 switches=0 ooe=0
2013-05-20 12:29:15.038+0000: /home/jeroldan/dev/github/katas/team.java/target/team-db/neostore.nodestore.db hit=0 miss=0 switches=0 ooe=0
2013-05-20 12:29:15.136+0000: /home/jeroldan/dev/github/katas/team.java/target/team-db/neostore hit=0 miss=8 switches=0 ooe=0
2013-05-20 12:29:15.191+0000: [/home/jeroldan/dev/github/katas/team.java/target/team-db/neostore.relationshiptypestore.db.names] brickCount=0 brickSize=0b mappedMem=0b (storeSize=38b)
2013-05-20 12:29:15.192+0000: [/home/jeroldan/dev/github/katas/team.java/target/team-db/neostore.relationshiptypestore.db] brickCount=0 brickSize=0b mappedMem=0b (storeSize=0b)
2013-05-20 12:29:15.192+0000: [/home/jeroldan/dev/github/katas/team.java/target/team-db/neostore.propertystore.db.strings] brickCount=0 brickSize=565120b mappedMem=565182464b (storeSize=128b)
2013-05-20 12:29:15.193+0000: [/home/jeroldan/dev/github/katas/team.java/target/team-db/neostore.propertystore.db.index.keys] brickCount=0 brickSize=1026b mappedMem=1048576b (storeSize=38b)
2013-05-20 12:29:15.193+0000: [/home/jeroldan/dev/github/katas/team.java/target/team-db/neostore.propertystore.db.index] brickCount=0 brickSize=10485b mappedMem=1048576b (storeSize=0b)
2013-05-20 12:29:15.194+0000: [/home/jeroldan/dev/github/katas/team.java/target/team-db/neostore.propertystore.db.arrays] brickCount=0 brickSize=641664b mappedMem=641728512b (storeSize=128b)
2013-05-20 12:29:15.194+0000: [/home/jeroldan/dev/github/katas/team.java/target/team-db/neostore.propertystore.db] brickCount=0 brickSize=6647945b mappedMem=664797184b (storeSize=0b)
2013-05-20 12:29:15.194+0000: [/home/jeroldan/dev/github/katas/team.java/target/team-db/neostore.relationshipstore.db] brickCount=0 brickSize=8157897b mappedMem=815792128b (storeSize=0b)
2013-05-20 12:29:15.195+0000: [/home/jeroldan/dev/github/katas/team.java/target/team-db/neostore.nodestore.db] brickCount=0 brickSize=184545b mappedMem=184549376b (storeSize=9b)
2013-05-20 12:29:15.195+0000: [/home/jeroldan/dev/github/katas/team.java/target/team-db/neostore] brickCount=0 brickSize=0b mappedMem=0b (storeSize=54b)
2013-05-20 12:29:15.208+0000: Opened logical log [/home/jeroldan/dev/github/katas/team.java/target/team-db/nioneo_logical.log.1] version=0, lastTxId=1 (clean)
2013-05-20 12:29:15.269+0000: TM new log: tm_tx_log.1
2013-05-20 12:29:15.340+0000: Opened logical log [/home/jeroldan/dev/github/katas/team.java/target/team-db/index/lucene.log.1] version=0, lastTxId=1 (clean)
2013-05-20 12:29:15.382+0000: --- STARTUP diagnostics START ---
2013-05-20 12:29:15.384+0000: Neo4j Kernel properties:
    forced_kernel_id=
    neostore.propertystore.db.arrays.mapped_memory=612M
    log_mapped_memory_stats_filename=mapped_memory_stats.log
    intercept_committing_transactions=false
    node_cache_array_fraction=1.0
    gcr_cache_min_log_interval=60s
    intercept_deserialized_transactions=false
    dump_configuration=false
    remote_logging_host=127.0.0.1
    allow_store_upgrade=false
    read_only=false
    online_backup_enabled=false
    logical_log=nioneo_logical.log
    neostore.propertystore.db.mapped_memory=634M
    gc_monitor_wait_time=100ms
    neo4j.ext.udc.interval=86400000
    execution_guard_enabled=false
    neo4j.ext.udc.host=udc.neo4j.org
    node_auto_indexing=false
    logging.threshold_for_rotation=104857600
    neostore.relationshipstore.db.mapped_memory=778M
    log_mapped_memory_stats=false
    remote_logging_enabled=false
    store_dir=target/team-db
    string_block_size=120
    ephemeral=false
    grab_file_lock=true
    cache_type=soft
    keep_logical_logs=true
    neostore.propertystore.db.index.mapped_memory=1M
    remote_logging_port=4560
    neo4j.ext.udc.first_delay=600000
    online_backup_port=6362
    neostore.nodestore.db.mapped_memory=176M
    lucene_searcher_cache_size=2147483647
    rebuild_idgenerators_fast=true
    query_cache_size=100
    neo4j.ext.udc.reg=unreg
    load_kernel_extensions=true
    backup_slave=false
    use_memory_mapped_buffers=true
    neo4j.ext.udc.enabled=true
    all_stores_total_mapped_memory_size=500M
    log_mapped_memory_stats_interval=1000000
    relationship_auto_indexing=false
    gc_monitor_threshold=200ms
    neostore.propertystore.db.index.keys.mapped_memory=1M
    neo_store=neostore
    relationship_grab_size=100
    neostore.propertystore.db.strings.mapped_memory=539M
    array_block_size=120
    mapped_memory_page_size=1M
    relationship_cache_array_fraction=1.0
2013-05-20 12:29:15.388+0000: Diagnostics providers:
    org.neo4j.kernel.configuration.Config
    org.neo4j.kernel.info.DiagnosticsManager
    SYSTEM_MEMORY
    JAVA_MEMORY
    OPERATING_SYSTEM
    JAVA_VIRTUAL_MACHINE
    CLASSPATH
    LIBRARY_PATH
    SYSTEM_PROPERTIES
    LINUX_SCHEDULERS
    NETWORK
2013-05-20 12:29:15.390+0000: System memory information:
    Total Physical memory: 7.66 GB
    Free Physical memory: 2.71 GB
    Committed virtual memory: 3.05 GB
    Total swap space: 33.53 GB
    Free swap space: 33.53 GB
2013-05-20 12:29:15.394+0000: JVM memory information:
    Free  memory: 95.77 MB
    Total memory: 117.56 MB
    Max   memory: 1.70 GB
    Garbage Collector: PS Scavenge: [PS Eden Space, PS Survivor Space]
    Garbage Collector: PS MarkSweep: [PS Eden Space, PS Survivor Space, PS Old Gen]
    Memory Pool: Code Cache (Non-heap memory): committed=2.44 MB, used=500.69 kB, max=48.00 MB, threshold=0.00 B
    Memory Pool: PS Eden Space (Heap memory): committed=30.75 MB, used=22.41 MB, max=643.88 MB, threshold=?
    Memory Pool: PS Survivor Space (Heap memory): committed=5.06 MB, used=0.00 B, max=5.06 MB, threshold=?
    Memory Pool: PS Old Gen (Heap memory): committed=81.75 MB, used=0.00 B, max=1.28 GB, threshold=0.00 B
2013-05-20 12:29:15.398+0000: Operating system information:
    Operating System: Linux; version: 3.8.0-21-generic; arch: amd64; cpus: 4
    Max number of file descriptors: 4096
    Number of open file descriptors: 52
    Process id: 13394@jeroldan-v3460
    Byte order: LITTLE_ENDIAN
    Local timezone: Europe/Madrid
2013-05-20 12:29:15.404+0000: JVM information:
    VM Name: Java HotSpot(TM) 64-Bit Server VM
    VM Vendor: Oracle Corporation
    VM Version: 25.0-b28
    JIT compiler: HotSpot 64-Bit Tiered Compilers
    VM Arguments: []
2013-05-20 12:29:15.405+0000: Java classpath:
     [bootstrap] /usr/lib/jvm/java-8-oracle/jre/lib/rt.jar
     [classpath] /home/jeroldan/.m2/repository/org/apache/lucene/lucene-core/3.5.0/lucene-core-3.5.0.jar
     [classpath] /home/jeroldan/.m2/repository/junit/junit/4.8.1/junit-4.8.1.jar
     [loader.1] file:/usr/lib/jvm/java-8-oracle/jre/lib/ext/sunec.jar
     [bootstrap] /usr/lib/jvm/java-8-oracle/jre/lib/jfr.jar
     [loader.1] file:/usr/lib/jvm/java-8-oracle/jre/lib/ext/jfxrt.jar
     [loader.1] file:/usr/lib/jvm/java-8-oracle/jre/lib/ext/sunpkcs11.jar
     [classpath] /home/jeroldan/.m2/repository/org/neo4j/neo4j/1.8.2/neo4j-1.8.2.jar
     [bootstrap] /usr/lib/jvm/java-8-oracle/jre/lib/jsse.jar
     [classpath] /home/jeroldan/dev/github/katas/team.java/target/classes
     [bootstrap] /usr/lib/jvm/java-8-oracle/jre/lib/resources.jar
     [loader.1] file:/usr/lib/jvm/java-8-oracle/jre/lib/ext/cldrdata.jar
     [classpath] /home/jeroldan/.m2/repository/org/neo4j/neo4j-lucene-index/1.8.2/neo4j-lucene-index-1.8.2.jar
     [loader.1] file:/usr/lib/jvm/java-8-oracle/jre/lib/ext/dnsns.jar
     [bootstrap] /usr/lib/jvm/java-8-oracle/jre/lib/charsets.jar
     [classpath] /home/jeroldan/.m2/repository/org/scala-lang/scala-library/2.9.1-1/scala-library-2.9.1-1.jar
     [loader.1] file:/usr/lib/jvm/java-8-oracle/jre/lib/ext/localedata.jar
     [bootstrap] /usr/lib/jvm/java-8-oracle/jre/classes
     [loader.1] file:/usr/lib/jvm/java-8-oracle/jre/lib/ext/zipfs.jar
     [classpath] /home/jeroldan/.m2/repository/org/neo4j/neo4j-graph-algo/1.8.2/neo4j-graph-algo-1.8.2.jar
     [classpath] /home/jeroldan/.m2/repository/com/googlecode/concurrentlinkedhashmap/concurrentlinkedhashmap-lru/1.3.1/concurrentlinkedhashmap-lru-1.3.1.jar
     [classpath] /home/jeroldan/.m2/repository/org/neo4j/neo4j-udc/1.8.2/neo4j-udc-1.8.2.jar
     [loader.1] file:/usr/lib/jvm/java-8-oracle/jre/lib/ext/nashorn.jar
     [classpath] /home/jeroldan/.m2/repository/org/apache/geronimo/specs/geronimo-jta_1.1_spec/1.1.1/geronimo-jta_1.1_spec-1.1.1.jar
     [classpath] /home/jeroldan/.m2/repository/org/neo4j/neo4j-cypher/1.8.2/neo4j-cypher-1.8.2.jar
     [bootstrap] /usr/lib/jvm/java-8-oracle/jre/lib/jce.jar
     [classpath] /home/jeroldan/.m2/repository/org/neo4j/neo4j-kernel/1.8.2/neo4j-kernel-1.8.2.jar
     [bootstrap] /usr/lib/jvm/java-8-oracle/jre/lib/sunrsasign.jar
     [classpath] /home/jeroldan/dev/github/katas/team.java/target/test-classes
     [classpath] /home/jeroldan/.m2/repository/org/neo4j/neo4j-jmx/1.8.2/neo4j-jmx-1.8.2.jar
     [loader.0] file:/home/jeroldan/dev/github/katas/team.java/target/surefire/surefirebooter3466272277568209367.jar
     [classpath] /home/jeroldan/.m2/repository/org/neo4j/neo4j-graph-matching/1.8.2/neo4j-graph-matching-1.8.2.jar
     [loader.1] file:/usr/lib/jvm/java-8-oracle/jre/lib/ext/sunjce_provider.jar
2013-05-20 12:29:15.409+0000: Library path:
    /usr/java/packages/lib/amd64
    /usr/lib64
    /lib64
    /lib
    /usr/lib
2013-05-20 12:29:15.410+0000: System.properties:
    sun.arch.data.model = 64
    user.home = /home/jeroldan
    file.encoding.pkg = sun.io
    basedir = /home/jeroldan/dev/github/katas/team.java
    sun.desktop = gnome
    user.language = en
    file.separator = /
    path.separator = :
    user.name = jeroldan
    user.timezone = Europe/Madrid
    sun.boot.library.path = /usr/lib/jvm/java-8-oracle/jre/lib/amd64
    sun.jnu.encoding = UTF-8
    sun.os.patch.level = unknown
    user.dir = /home/jeroldan/dev/github/katas/team.java
    sun.java.launcher = SUN_STANDARD
    sun.io.unicode.encoding = UnicodeLittle
    user.country = US
    localRepository = /home/jeroldan/.m2/repository
    sun.cpu.isalist = 
    file.encoding = UTF-8
    surefire.real.class.path = /home/jeroldan/dev/github/katas/team.java/target/surefire/surefirebooter3466272277568209367.jar
    surefire.test.class.path = /home/jeroldan/dev/github/katas/team.java/target/test-classes:/home/jeroldan/dev/github/katas/team.java/target/classes:/home/jeroldan/.m2/repository/org/neo4j/neo4j/1.8.2/neo4j-1.8.2.jar:/home/jeroldan/.m2/repository/org/neo4j/neo4j-kernel/1.8.2/neo4j-kernel-1.8.2.jar:/home/jeroldan/.m2/repository/org/apache/geronimo/specs/geronimo-jta_1.1_spec/1.1.1/geronimo-jta_1.1_spec-1.1.1.jar:/home/jeroldan/.m2/repository/org/neo4j/neo4j-lucene-index/1.8.2/neo4j-lucene-index-1.8.2.jar:/home/jeroldan/.m2/repository/org/apache/lucene/lucene-core/3.5.0/lucene-core-3.5.0.jar:/home/jeroldan/.m2/repository/org/neo4j/neo4j-graph-algo/1.8.2/neo4j-graph-algo-1.8.2.jar:/home/jeroldan/.m2/repository/org/neo4j/neo4j-udc/1.8.2/neo4j-udc-1.8.2.jar:/home/jeroldan/.m2/repository/org/neo4j/neo4j-graph-matching/1.8.2/neo4j-graph-matching-1.8.2.jar:/home/jeroldan/.m2/repository/org/neo4j/neo4j-cypher/1.8.2/neo4j-cypher-1.8.2.jar:/home/jeroldan/.m2/repository/org/scala-lang/scala-library/2.9.1-1/scala-library-2.9.1-1.jar:/home/jeroldan/.m2/repository/com/googlecode/concurrentlinkedhashmap/concurrentlinkedhashmap-lru/1.3.1/concurrentlinkedhashmap-lru-1.3.1.jar:/home/jeroldan/.m2/repository/org/neo4j/neo4j-jmx/1.8.2/neo4j-jmx-1.8.2.jar:/home/jeroldan/.m2/repository/junit/junit/4.8.1/junit-4.8.1.jar:
    sun.java.command = /home/jeroldan/dev/github/katas/team.java/target/surefire/surefirebooter3466272277568209367.jar /home/jeroldan/dev/github/katas/team.java/target/surefire/surefire8635249560532636053tmp /home/jeroldan/dev/github/katas/team.java/target/surefire/surefire2380545726063466tmp
    awt.toolkit = sun.awt.X11.XToolkit
    sun.cpu.endian = little
    sun.management.compiler = HotSpot 64-Bit Tiered Compilers
2013-05-20 12:29:15.411+0000: Linux scheduler information:
    noop [deadline] cfq 
    noop [deadline] cfq 
    noop [deadline] cfq 
    none
    none
    none
    none
    none
    none
    none
    none
    none
    none
    none
    none
    none
    none
    none
    none
    none
    none
    none
    none
    none
    none
    none
    none
2013-05-20 12:29:15.416+0000: Network information:
    Interface eth1:
        address: fe80:0:0:0:c218:85ff:fec3:b1ab%eth1
        address: 192.168.2.154
    Interface eth0:
        address: fe80:0:0:0:5ef9:ddff:fe5d:562d%eth0
        address: 192.168.2.12
    Interface lo:
        address: 0:0:0:0:0:0:0:1%lo
        address: 127.0.0.1
2013-05-20 12:29:15.419+0000: --- STARTUP diagnostics END ---
2013-05-20 12:29:15.425+0000: Recovery completed, all transactions have been resolved to a consistent state.
2013-05-20 12:29:15.432+0000: Extension org.neo4j.kernel.KernelExtension[kernel udc] loaded ok
2013-05-20 12:29:15.496+0000: Extension org.neo4j.kernel.KernelExtension[kernel jmx] loaded ok
2013-05-20 12:29:15.499+0000: --- STARTUP diagnostics for KernelDiagnostics:Versions START ---
2013-05-20 12:29:15.499+0000: Graph Database: org.neo4j.kernel.EmbeddedGraphDatabase StoreId[time:1369052953219, id:-9035223810074164257, store version: 13561656364791302]
2013-05-20 12:29:15.499+0000: Kernel version: Neo4j - Graph Database Kernel 1.8.2
2013-05-20 12:29:15.499+0000: Neo4j component versions:
2013-05-20 12:29:15.500+0000:   Neo4j - Graph Database Kernel 1.8.2
2013-05-20 12:29:15.500+0000: --- STARTUP diagnostics for KernelDiagnostics:Versions END ---
2013-05-20 12:29:15.503+0000: --- STARTUP diagnostics for NEO_STORE_VERSIONS START ---
2013-05-20 12:29:15.504+0000: Store versions:
    Store versions:
      NeoStore v0.A.0
      NodeStore v0.A.0
      RelationshipStore v0.A.0
      RelationshipTypeStore v0.A.0
      PropertyStore v0.A.0
      PropertyIndexStore v0.A.0
      StringPropertyStore v0.A.0
      ArrayPropertyStore v0.A.0
2013-05-20 12:29:15.504+0000: --- STARTUP diagnostics for NEO_STORE_VERSIONS END ---
2013-05-20 12:29:15.504+0000: --- STARTUP diagnostics for NEO_STORE_ID_USAGE START ---
2013-05-20 12:29:15.504+0000: Id usage:
    Id usage:
      NodeStore: used=1 high=0
      RelationshipStore: used=0 high=-1
      RelationshipTypeStore: used=0 high=-1
      PropertyStore: used=0 high=-1
      PropertyIndexStore: used=0 high=-1
      StringPropertyStore: used=1 high=0
      ArrayPropertyStore: used=1 high=0
2013-05-20 12:29:15.505+0000: --- STARTUP diagnostics for NEO_STORE_ID_USAGE END ---
2013-05-20 12:29:15.505+0000: --- STARTUP diagnostics for PERSISTENCE_WINDOW_POOL_STATS START ---
2013-05-20 12:29:15.505+0000: --- STARTUP diagnostics for PERSISTENCE_WINDOW_POOL_STATS END ---
2013-05-20 12:29:15.506+0000: --- STARTUP diagnostics for KernelDiagnostics:StoreFiles START ---
2013-05-20 12:29:15.506+0000: Disk space on partition (Total / Free / Free %): 196779536384 / 183570964480 / 6
Storage files: (filename : modification date - size)
      neostore.relationshiptypestore.db.names.id: 2013-05-20T14:29:15+0200 - 9.00 B
      tm_tx_log.1: 2013-05-20T14:29:15+0200 - 0.00 B
      neostore.propertystore.db.arrays.id: 2013-05-20T14:29:15+0200 - 9.00 B
      neostore.propertystore.db.strings: 2013-05-20T14:29:15+0200 - 128.00 B
      neostore.propertystore.db.index.keys.id: 2013-05-20T14:29:15+0200 - 9.00 B
      lock: 2013-05-20T14:29:15+0200 - 0.00 B
      neostore.propertystore.db: 2013-05-20T14:29:15+0200 - 0.00 B
      store_lock: 2013-05-20T14:29:13+0200 - 0.00 B
      neostore: 2013-05-20T14:29:15+0200 - 54.00 B
      neostore.relationshiptypestore.db: 2013-05-20T14:29:15+0200 - 0.00 B
      nioneo_logical.log.1: 2013-05-20T14:29:15+0200 - 16.00 B
      neostore.nodestore.db: 2013-05-20T14:29:15+0200 - 9.00 B
      index:
        lucene.log.1: 2013-05-20T14:29:15+0200 - 16.00 B
        lucene-store.db: 2013-05-20T14:29:15+0200 - 40.00 B
        lucene.log.active: 2013-05-20T14:29:15+0200 - 4.00 B
      - Total: 2013-05-20T14:29:15+0200 - 60.00 B
      nioneo_logical.log.active: 2013-05-20T14:29:15+0200 - 4.00 B
      neostore.relationshiptypestore.db.names: 2013-05-20T14:29:15+0200 - 38.00 B
      active_tx_log: 2013-05-20T14:29:15+0200 - 11.00 B
      neostore.relationshiptypestore.db.id: 2013-05-20T14:29:15+0200 - 9.00 B
      neostore.id: 2013-05-20T14:29:15+0200 - 9.00 B
      neostore.propertystore.db.strings.id: 2013-05-20T14:29:15+0200 - 9.00 B
      neostore.propertystore.db.id: 2013-05-20T14:29:15+0200 - 9.00 B
      messages.log: 2013-05-20T14:29:15+0200 - 18.17 kB
      neostore.propertystore.db.arrays: 2013-05-20T14:29:15+0200 - 128.00 B
      neostore.relationshipstore.db.id: 2013-05-20T14:29:15+0200 - 9.00 B
      neostore.nodestore.db.id: 2013-05-20T14:29:15+0200 - 9.00 B
      neostore.propertystore.db.index.keys: 2013-05-20T14:29:15+0200 - 38.00 B
      neostore.propertystore.db.index: 2013-05-20T14:29:15+0200 - 0.00 B
      neostore.propertystore.db.index.id: 2013-05-20T14:29:15+0200 - 9.00 B
      neostore.relationshipstore.db: 2013-05-20T14:29:15+0200 - 0.00 B
2013-05-20 12:29:15.518+0000: --- STARTUP diagnostics for KernelDiagnostics:StoreFiles END ---
2013-05-20 12:29:15.519+0000: Started - database is now available
2013-05-20 12:29:15.519+0000: GC Monitor started. 
2013-05-20 12:29:15.812+0000: Stopping - database is now unavailable
2013-05-20 12:29:15.821+0000: GC Monitor stopped. 
2013-05-20 12:29:15.857+0000: TM shutting down
2013-05-20 12:29:15.966+0000: Closed log /home/jeroldan/dev/github/katas/team.java/target/team-db/nioneo_logical.log
2013-05-20 12:29:15.966+0000: /home/jeroldan/dev/github/katas/team.java/target/team-db/neostore.relationshiptypestore.db.names hit=0 miss=0 switches=0 ooe=0
2013-05-20 12:29:16.016+0000: /home/jeroldan/dev/github/katas/team.java/target/team-db/neostore.relationshiptypestore.db hit=0 miss=0 switches=0 ooe=0
2013-05-20 12:29:16.075+0000: /home/jeroldan/dev/github/katas/team.java/target/team-db/neostore.propertystore.db.strings hit=0 miss=0 switches=0 ooe=0
2013-05-20 12:29:16.134+0000: /home/jeroldan/dev/github/katas/team.java/target/team-db/neostore.propertystore.db.index.keys hit=0 miss=0 switches=0 ooe=0
2013-05-20 12:29:16.193+0000: /home/jeroldan/dev/github/katas/team.java/target/team-db/neostore.propertystore.db.index hit=0 miss=0 switches=0 ooe=0
2013-05-20 12:29:16.318+0000: /home/jeroldan/dev/github/katas/team.java/target/team-db/neostore.propertystore.db.arrays hit=0 miss=0 switches=0 ooe=0
2013-05-20 12:29:16.376+0000: /home/jeroldan/dev/github/katas/team.java/target/team-db/neostore.propertystore.db hit=0 miss=0 switches=0 ooe=0
2013-05-20 12:29:16.443+0000: /home/jeroldan/dev/github/katas/team.java/target/team-db/neostore.relationshipstore.db hit=0 miss=0 switches=0 ooe=0
2013-05-20 12:29:16.510+0000: /home/jeroldan/dev/github/katas/team.java/target/team-db/neostore.nodestore.db hit=0 miss=0 switches=0 ooe=0
2013-05-20 12:29:16.575+0000: /home/jeroldan/dev/github/katas/team.java/target/team-db/neostore hit=0 miss=16 switches=0 ooe=0
2013-05-20 12:29:16.619+0000: NeoStore closed
2013-05-20 12:29:16.682+0000: Closed log /home/jeroldan/dev/github/katas/team.java/target/team-db/index/lucene.log
2013-05-20 12:29:16.683+0000: --- SHUTDOWN diagnostics START ---
2013-05-20 12:29:16.683+0000: --- SHUTDOWN diagnostics END ---
2013-05-20 12:35:26.094+0000: WARNING! You are using an unsupported version of the Java runtime. Please use Oracle(R) Java(TM) Runtime Environment 6.
2013-05-20 12:35:26.184+0000: [/home/jeroldan/dev/github/katas/team.java/target/team-db/neostore.relationshiptypestore.db.names] brickCount=0 brickSize=0b mappedMem=0b (storeSize=38b)
2013-05-20 12:35:26.187+0000: [/home/jeroldan/dev/github/katas/team.java/target/team-db/neostore.relationshiptypestore.db] brickCount=0 brickSize=0b mappedMem=0b (storeSize=0b)
2013-05-20 12:35:26.187+0000: [/home/jeroldan/dev/github/katas/team.java/target/team-db/neostore.propertystore.db.strings] brickCount=0 brickSize=565120b mappedMem=565182464b (storeSize=128b)
2013-05-20 12:35:26.188+0000: [/home/jeroldan/dev/github/katas/team.java/target/team-db/neostore.propertystore.db.index.keys] brickCount=0 brickSize=1026b mappedMem=1048576b (storeSize=38b)
2013-05-20 12:35:26.189+0000: [/home/jeroldan/dev/github/katas/team.java/target/team-db/neostore.propertystore.db.index] brickCount=0 brickSize=10485b mappedMem=1048576b (storeSize=0b)
2013-05-20 12:35:26.190+0000: [/home/jeroldan/dev/github/katas/team.java/target/team-db/neostore.propertystore.db.arrays] brickCount=0 brickSize=641664b mappedMem=641728512b (storeSize=128b)
2013-05-20 12:35:26.192+0000: [/home/jeroldan/dev/github/katas/team.java/target/team-db/neostore.propertystore.db] brickCount=0 brickSize=6647945b mappedMem=664797184b (storeSize=0b)
2013-05-20 12:35:26.194+0000: [/home/jeroldan/dev/github/katas/team.java/target/team-db/neostore.relationshipstore.db] brickCount=0 brickSize=8157897b mappedMem=815792128b (storeSize=0b)
2013-05-20 12:35:26.195+0000: [/home/jeroldan/dev/github/katas/team.java/target/team-db/neostore.nodestore.db] brickCount=0 brickSize=184545b mappedMem=184549376b (storeSize=9b)
2013-05-20 12:35:26.196+0000: [/home/jeroldan/dev/github/katas/team.java/target/team-db/neostore] brickCount=0 brickSize=0b mappedMem=0b (storeSize=54b)
2013-05-20 12:35:26.213+0000: Opened logical log [/home/jeroldan/dev/github/katas/team.java/target/team-db/nioneo_logical.log.1] version=1, lastTxId=1 (clean)
2013-05-20 12:35:26.269+0000: TM opening log: /home/jeroldan/dev/github/katas/team.java/target/team-db/tm_tx_log.1
2013-05-20 12:35:26.296+0000: Opened logical log [/home/jeroldan/dev/github/katas/team.java/target/team-db/index/lucene.log.1] version=1, lastTxId=3 (clean)
2013-05-20 12:35:26.307+0000: --- STARTUP diagnostics START ---
2013-05-20 12:35:26.309+0000: Neo4j Kernel properties:
    online_backup_port=6362
    array_block_size=120
    query_cache_size=100
    rebuild_idgenerators_fast=true
    use_memory_mapped_buffers=true
    grab_file_lock=true
    gc_monitor_wait_time=100ms
    neostore.propertystore.db.strings.mapped_memory=539M
    gc_monitor_threshold=200ms
    log_mapped_memory_stats_filename=mapped_memory_stats.log
    mapped_memory_page_size=1M
    neo4j.ext.udc.first_delay=600000
    remote_logging_host=127.0.0.1
    logging.threshold_for_rotation=104857600
    online_backup_enabled=false
    gcr_cache_min_log_interval=60s
    load_kernel_extensions=true
    log_mapped_memory_stats_interval=1000000
    allow_store_upgrade=false
    node_auto_indexing=false
    relationship_auto_indexing=false
    dump_configuration=false
    intercept_committing_transactions=false
    neo_store=neostore
    relationship_grab_size=100
    neostore.relationshipstore.db.mapped_memory=778M
    remote_logging_enabled=false
    string_block_size=120
    ephemeral=false
    backup_slave=false
    neostore.propertystore.db.arrays.mapped_memory=612M
    neostore.nodestore.db.mapped_memory=176M
    neo4j.ext.udc.host=udc.neo4j.org
    neo4j.ext.udc.enabled=true
    execution_guard_enabled=false
    neostore.propertystore.db.index.mapped_memory=1M
    neostore.propertystore.db.mapped_memory=634M
    neo4j.ext.udc.interval=86400000
    cache_type=soft
    store_dir=target/team-db
    node_cache_array_fraction=1.0
    logical_log=nioneo_logical.log
    neo4j.ext.udc.reg=unreg
    log_mapped_memory_stats=false
    keep_logical_logs=true
    intercept_deserialized_transactions=false
    all_stores_total_mapped_memory_size=500M
    read_only=false
    relationship_cache_array_fraction=1.0
    neostore.propertystore.db.index.keys.mapped_memory=1M
    lucene_searcher_cache_size=2147483647
    forced_kernel_id=
    remote_logging_port=4560
2013-05-20 12:35:26.316+0000: Diagnostics providers:
    org.neo4j.kernel.configuration.Config
    org.neo4j.kernel.info.DiagnosticsManager
    SYSTEM_MEMORY
    JAVA_MEMORY
    OPERATING_SYSTEM
    JAVA_VIRTUAL_MACHINE
    CLASSPATH
    LIBRARY_PATH
    SYSTEM_PROPERTIES
    LINUX_SCHEDULERS
    NETWORK
2013-05-20 12:35:26.317+0000: System memory information:
    Total Physical memory: 7.66 GB
    Free Physical memory: 2.75 GB
    Committed virtual memory: 3.05 GB
    Total swap space: 33.53 GB
    Free swap space: 33.53 GB
2013-05-20 12:35:26.320+0000: JVM memory information:
    Free  memory: 97.20 MB
    Total memory: 117.56 MB
    Max   memory: 1.70 GB
    Garbage Collector: PS Scavenge: [PS Eden Space, PS Survivor Space]
    Garbage Collector: PS MarkSweep: [PS Eden Space, PS Survivor Space, PS Old Gen]
    Memory Pool: Code Cache (Non-heap memory): committed=2.44 MB, used=514.13 kB, max=48.00 MB, threshold=0.00 B
    Memory Pool: PS Eden Space (Heap memory): committed=30.75 MB, used=20.36 MB, max=643.88 MB, threshold=?
    Memory Pool: PS Survivor Space (Heap memory): committed=5.06 MB, used=0.00 B, max=5.06 MB, threshold=?
    Memory Pool: PS Old Gen (Heap memory): committed=81.75 MB, used=0.00 B, max=1.28 GB, threshold=0.00 B
2013-05-20 12:35:26.325+0000: Operating system information:
    Operating System: Linux; version: 3.8.0-21-generic; arch: amd64; cpus: 4
    Max number of file descriptors: 4096
    Number of open file descriptors: 52
    Process id: 13557@jeroldan-v3460
    Byte order: LITTLE_ENDIAN
    Local timezone: Europe/Madrid
2013-05-20 12:35:26.332+0000: JVM information:
    VM Name: Java HotSpot(TM) 64-Bit Server VM
    VM Vendor: Oracle Corporation
    VM Version: 25.0-b28
    JIT compiler: HotSpot 64-Bit Tiered Compilers
    VM Arguments: []
2013-05-20 12:35:26.333+0000: Java classpath:
     [loader.1] file:/usr/lib/jvm/java-8-oracle/jre/lib/ext/localedata.jar
     [classpath] /home/jeroldan/dev/github/katas/team.java/target/test-classes
     [classpath] /home/jeroldan/.m2/repository/org/neo4j/neo4j-cypher/1.8.2/neo4j-cypher-1.8.2.jar
     [bootstrap] /usr/lib/jvm/java-8-oracle/jre/lib/sunrsasign.jar
     [classpath] /home/jeroldan/.m2/repository/org/neo4j/neo4j/1.8.2/neo4j-1.8.2.jar
     [loader.1] file:/usr/lib/jvm/java-8-oracle/jre/lib/ext/zipfs.jar
     [classpath] /home/jeroldan/.m2/repository/org/neo4j/neo4j-graph-matching/1.8.2/neo4j-graph-matching-1.8.2.jar
     [classpath] /home/jeroldan/.m2/repository/junit/junit/4.8.1/junit-4.8.1.jar
     [loader.1] file:/usr/lib/jvm/java-8-oracle/jre/lib/ext/dnsns.jar
     [bootstrap] /usr/lib/jvm/java-8-oracle/jre/lib/charsets.jar
     [classpath] /home/jeroldan/.m2/repository/org/scala-lang/scala-library/2.9.1-1/scala-library-2.9.1-1.jar
     [bootstrap] /usr/lib/jvm/java-8-oracle/jre/lib/rt.jar
     [classpath] /home/jeroldan/.m2/repository/org/neo4j/neo4j-graph-algo/1.8.2/neo4j-graph-algo-1.8.2.jar
     [loader.1] file:/usr/lib/jvm/java-8-oracle/jre/lib/ext/sunjce_provider.jar
     [classpath] /home/jeroldan/.m2/repository/org/apache/lucene/lucene-core/3.5.0/lucene-core-3.5.0.jar
     [classpath] /home/jeroldan/.m2/repository/org/neo4j/neo4j-jmx/1.8.2/neo4j-jmx-1.8.2.jar
     [classpath] /home/jeroldan/.m2/repository/org/neo4j/neo4j-lucene-index/1.8.2/neo4j-lucene-index-1.8.2.jar
     [loader.1] file:/usr/lib/jvm/java-8-oracle/jre/lib/ext/sunec.jar
     [bootstrap] /usr/lib/jvm/java-8-oracle/jre/lib/jfr.jar
     [classpath] /home/jeroldan/.m2/repository/org/neo4j/neo4j-udc/1.8.2/neo4j-udc-1.8.2.jar
     [classpath] /home/jeroldan/.m2/repository/com/googlecode/concurrentlinkedhashmap/concurrentlinkedhashmap-lru/1.3.1/concurrentlinkedhashmap-lru-1.3.1.jar
     [loader.1] file:/usr/lib/jvm/java-8-oracle/jre/lib/ext/sunpkcs11.jar
     [bootstrap] /usr/lib/jvm/java-8-oracle/jre/lib/jce.jar
     [loader.0] file:/home/jeroldan/dev/github/katas/team.java/target/surefire/surefirebooter4497644451836287388.jar
     [classpath] /home/jeroldan/.m2/repository/org/apache/geronimo/specs/geronimo-jta_1.1_spec/1.1.1/geronimo-jta_1.1_spec-1.1.1.jar
     [classpath] /home/jeroldan/dev/github/katas/team.java/target/classes
     [loader.1] file:/usr/lib/jvm/java-8-oracle/jre/lib/ext/nashorn.jar
     [bootstrap] /usr/lib/jvm/java-8-oracle/jre/lib/jsse.jar
     [loader.1] file:/usr/lib/jvm/java-8-oracle/jre/lib/ext/cldrdata.jar
     [loader.1] file:/usr/lib/jvm/java-8-oracle/jre/lib/ext/jfxrt.jar
     [classpath] /home/jeroldan/.m2/repository/org/neo4j/neo4j-kernel/1.8.2/neo4j-kernel-1.8.2.jar
     [bootstrap] /usr/lib/jvm/java-8-oracle/jre/lib/resources.jar
     [bootstrap] /usr/lib/jvm/java-8-oracle/jre/classes
2013-05-20 12:35:26.335+0000: Library path:
    /usr/java/packages/lib/amd64
    /usr/lib64
    /lib64
    /lib
    /usr/lib
2013-05-20 12:35:26.335+0000: System.properties:
    test = team.neo4j.TestTeamGraph
    sun.desktop = gnome
    user.timezone = Europe/Madrid
    file.separator = /
    user.country = US
    sun.boot.library.path = /usr/lib/jvm/java-8-oracle/jre/lib/amd64
    user.dir = /home/jeroldan/dev/github/katas/team.java
    basedir = /home/jeroldan/dev/github/katas/team.java
    file.encoding = UTF-8
    sun.cpu.endian = little
    sun.java.command = /home/jeroldan/dev/github/katas/team.java/target/surefire/surefirebooter4497644451836287388.jar /home/jeroldan/dev/github/katas/team.java/target/surefire/surefire6103422375534581308tmp /home/jeroldan/dev/github/katas/team.java/target/surefire/surefire6506201445074968432tmp
    localRepository = /home/jeroldan/.m2/repository
    sun.io.unicode.encoding = UnicodeLittle
    sun.os.patch.level = unknown
    surefire.real.class.path = /home/jeroldan/dev/github/katas/team.java/target/surefire/surefirebooter4497644451836287388.jar
    sun.management.compiler = HotSpot 64-Bit Tiered Compilers
    user.home = /home/jeroldan
    awt.toolkit = sun.awt.X11.XToolkit
    sun.cpu.isalist = 
    sun.arch.data.model = 64
    file.encoding.pkg = sun.io
    skipTests = false
    sun.jnu.encoding = UTF-8
    user.name = jeroldan
    sun.java.launcher = SUN_STANDARD
    surefire.test.class.path = /home/jeroldan/dev/github/katas/team.java/target/test-classes:/home/jeroldan/dev/github/katas/team.java/target/classes:/home/jeroldan/.m2/repository/org/neo4j/neo4j/1.8.2/neo4j-1.8.2.jar:/home/jeroldan/.m2/repository/org/neo4j/neo4j-kernel/1.8.2/neo4j-kernel-1.8.2.jar:/home/jeroldan/.m2/repository/org/apache/geronimo/specs/geronimo-jta_1.1_spec/1.1.1/geronimo-jta_1.1_spec-1.1.1.jar:/home/jeroldan/.m2/repository/org/neo4j/neo4j-lucene-index/1.8.2/neo4j-lucene-index-1.8.2.jar:/home/jeroldan/.m2/repository/org/apache/lucene/lucene-core/3.5.0/lucene-core-3.5.0.jar:/home/jeroldan/.m2/repository/org/neo4j/neo4j-graph-algo/1.8.2/neo4j-graph-algo-1.8.2.jar:/home/jeroldan/.m2/repository/org/neo4j/neo4j-udc/1.8.2/neo4j-udc-1.8.2.jar:/home/jeroldan/.m2/repository/org/neo4j/neo4j-graph-matching/1.8.2/neo4j-graph-matching-1.8.2.jar:/home/jeroldan/.m2/repository/org/neo4j/neo4j-cypher/1.8.2/neo4j-cypher-1.8.2.jar:/home/jeroldan/.m2/repository/org/scala-lang/scala-library/2.9.1-1/scala-library-2.9.1-1.jar:/home/jeroldan/.m2/repository/com/googlecode/concurrentlinkedhashmap/concurrentlinkedhashmap-lru/1.3.1/concurrentlinkedhashmap-lru-1.3.1.jar:/home/jeroldan/.m2/repository/org/neo4j/neo4j-jmx/1.8.2/neo4j-jmx-1.8.2.jar:/home/jeroldan/.m2/repository/junit/junit/4.8.1/junit-4.8.1.jar:
    user.language = en
    path.separator = :
2013-05-20 12:35:26.336+0000: Linux scheduler information:
    noop [deadline] cfq 
    noop [deadline] cfq 
    noop [deadline] cfq 
    none
    none
    none
    none
    none
    none
    none
    none
    none
    none
    none
    none
    none
    none
    none
    none
    none
    none
    none
    none
    none
    none
    none
    none
2013-05-20 12:35:26.341+0000: Network information:
    Interface eth1:
        address: fe80:0:0:0:c218:85ff:fec3:b1ab%eth1
        address: 192.168.2.154
    Interface eth0:
        address: fe80:0:0:0:5ef9:ddff:fe5d:562d%eth0
        address: 192.168.2.12
    Interface lo:
        address: 0:0:0:0:0:0:0:1%lo
        address: 127.0.0.1
2013-05-20 12:35:26.343+0000: --- STARTUP diagnostics END ---
2013-05-20 12:35:26.350+0000: Recovery completed, all transactions have been resolved to a consistent state.
2013-05-20 12:35:26.424+0000: Extension org.neo4j.kernel.KernelExtension[kernel jmx] loaded ok
2013-05-20 12:35:26.427+0000: Extension org.neo4j.kernel.KernelExtension[kernel udc] loaded ok
2013-05-20 12:35:26.430+0000: --- STARTUP diagnostics for KernelDiagnostics:Versions START ---
2013-05-20 12:35:26.430+0000: Graph Database: org.neo4j.kernel.EmbeddedGraphDatabase StoreId[time:1369052953219, id:-9035223810074164257, store version: 13561656364791302]
2013-05-20 12:35:26.431+0000: Kernel version: Neo4j - Graph Database Kernel 1.8.2
2013-05-20 12:35:26.431+0000: Neo4j component versions:
2013-05-20 12:35:26.432+0000:   Neo4j - Graph Database Kernel 1.8.2
2013-05-20 12:35:26.432+0000: --- STARTUP diagnostics for KernelDiagnostics:Versions END ---
2013-05-20 12:35:26.434+0000: --- STARTUP diagnostics for NEO_STORE_VERSIONS START ---
2013-05-20 12:35:26.435+0000: Store versions:
    Store versions:
      NeoStore v0.A.0
      NodeStore v0.A.0
      RelationshipStore v0.A.0
      RelationshipTypeStore v0.A.0
      PropertyStore v0.A.0
      PropertyIndexStore v0.A.0
      StringPropertyStore v0.A.0
      ArrayPropertyStore v0.A.0
2013-05-20 12:35:26.435+0000: --- STARTUP diagnostics for NEO_STORE_VERSIONS END ---
2013-05-20 12:35:26.435+0000: --- STARTUP diagnostics for NEO_STORE_ID_USAGE START ---
2013-05-20 12:35:26.435+0000: Id usage:
    Id usage:
      NodeStore: used=1 high=0
      RelationshipStore: used=0 high=-1
      RelationshipTypeStore: used=0 high=-1
      PropertyStore: used=0 high=-1
      PropertyIndexStore: used=0 high=-1
      StringPropertyStore: used=1 high=0
      ArrayPropertyStore: used=1 high=0
2013-05-20 12:35:26.436+0000: --- STARTUP diagnostics for NEO_STORE_ID_USAGE END ---
2013-05-20 12:35:26.436+0000: --- STARTUP diagnostics for PERSISTENCE_WINDOW_POOL_STATS START ---
2013-05-20 12:35:26.436+0000: --- STARTUP diagnostics for PERSISTENCE_WINDOW_POOL_STATS END ---
2013-05-20 12:35:26.436+0000: --- STARTUP diagnostics for KernelDiagnostics:StoreFiles START ---
2013-05-20 12:35:26.437+0000: Disk space on partition (Total / Free / Free %): 196779536384 / 183570890752 / 6
Storage files: (filename : modification date - size)
      neostore.relationshiptypestore.db.names.id: 2013-05-20T14:35:26+0200 - 9.00 B
      tm_tx_log.1: 2013-05-20T14:35:26+0200 - 0.00 B
      neostore.propertystore.db.arrays.id: 2013-05-20T14:35:26+0200 - 9.00 B
      neostore.propertystore.db.strings: 2013-05-20T14:35:26+0200 - 128.00 B
      neostore.propertystore.db.index.keys.id: 2013-05-20T14:35:26+0200 - 9.00 B
      lock: 2013-05-20T14:35:26+0200 - 0.00 B
      nioneo_logical.log.v0: 2013-05-20T14:29:15+0200 - 16.00 B
      neostore.propertystore.db: 2013-05-20T14:35:26+0200 - 0.00 B
      store_lock: 2013-05-20T14:29:13+0200 - 0.00 B
      neostore: 2013-05-20T14:35:26+0200 - 54.00 B
      neostore.relationshiptypestore.db: 2013-05-20T14:35:26+0200 - 0.00 B
      nioneo_logical.log.1: 2013-05-20T14:35:26+0200 - 16.00 B
      neostore.nodestore.db: 2013-05-20T14:35:26+0200 - 9.00 B
      index:
        lucene.log.v0: 2013-05-20T14:29:16+0200 - 366.00 B
        lucene.log.1: 2013-05-20T14:35:26+0200 - 16.00 B
        lucene-store.db: 2013-05-20T14:29:16+0200 - 40.00 B
        lucene.log.active: 2013-05-20T14:35:26+0200 - 4.00 B
      - Total: 2013-05-20T14:35:26+0200 - 426.00 B
      nioneo_logical.log.active: 2013-05-20T14:35:26+0200 - 4.00 B
      index.db: 2013-05-20T14:29:15+0200 - 191.00 B
      neostore.relationshiptypestore.db.names: 2013-05-20T14:35:26+0200 - 38.00 B
      active_tx_log: 2013-05-20T14:29:15+0200 - 11.00 B
      neostore.relationshiptypestore.db.id: 2013-05-20T14:35:26+0200 - 9.00 B
      neostore.id: 2013-05-20T14:35:26+0200 - 9.00 B
      neostore.propertystore.db.strings.id: 2013-05-20T14:35:26+0200 - 9.00 B
      neostore.propertystore.db.id: 2013-05-20T14:35:26+0200 - 9.00 B
      messages.log: 2013-05-20T14:35:26+0200 - 36.94 kB
      neostore.propertystore.db.arrays: 2013-05-20T14:35:26+0200 - 128.00 B
      neostore.relationshipstore.db.id: 2013-05-20T14:35:26+0200 - 9.00 B
      neostore.nodestore.db.id: 2013-05-20T14:35:26+0200 - 9.00 B
      neostore.propertystore.db.index.keys: 2013-05-20T14:35:26+0200 - 38.00 B
      neostore.propertystore.db.index: 2013-05-20T14:35:26+0200 - 0.00 B
      neostore.propertystore.db.index.id: 2013-05-20T14:35:26+0200 - 9.00 B
      neostore.relationshipstore.db: 2013-05-20T14:35:26+0200 - 0.00 B
2013-05-20 12:35:26.445+0000: --- STARTUP diagnostics for KernelDiagnostics:StoreFiles END ---
2013-05-20 12:35:26.447+0000: Started - database is now available
2013-05-20 12:35:26.448+0000: GC Monitor started. 
2013-05-20 12:35:26.516+0000: Stopping - database is now unavailable
2013-05-20 12:35:26.548+0000: GC Monitor stopped. 
2013-05-20 12:35:26.568+0000: TM shutting down
2013-05-20 12:35:26.674+0000: Closed log /home/jeroldan/dev/github/katas/team.java/target/team-db/nioneo_logical.log
2013-05-20 12:35:26.674+0000: /home/jeroldan/dev/github/katas/team.java/target/team-db/neostore.relationshiptypestore.db.names hit=0 miss=0 switches=0 ooe=0
2013-05-20 12:35:26.725+0000: /home/jeroldan/dev/github/katas/team.java/target/team-db/neostore.relationshiptypestore.db hit=0 miss=0 switches=0 ooe=0
2013-05-20 12:35:26.792+0000: /home/jeroldan/dev/github/katas/team.java/target/team-db/neostore.propertystore.db.strings hit=0 miss=0 switches=0 ooe=0
2013-05-20 12:35:26.850+0000: /home/jeroldan/dev/github/katas/team.java/target/team-db/neostore.propertystore.db.index.keys hit=0 miss=0 switches=0 ooe=0
2013-05-20 12:35:26.942+0000: /home/jeroldan/dev/github/katas/team.java/target/team-db/neostore.propertystore.db.index hit=0 miss=0 switches=0 ooe=0
2013-05-20 12:35:27.043+0000: /home/jeroldan/dev/github/katas/team.java/target/team-db/neostore.propertystore.db.arrays hit=0 miss=0 switches=0 ooe=0
2013-05-20 12:35:27.101+0000: /home/jeroldan/dev/github/katas/team.java/target/team-db/neostore.propertystore.db hit=0 miss=0 switches=0 ooe=0
2013-05-20 12:35:27.201+0000: /home/jeroldan/dev/github/katas/team.java/target/team-db/neostore.relationshipstore.db hit=0 miss=0 switches=0 ooe=0
2013-05-20 12:35:27.260+0000: /home/jeroldan/dev/github/katas/team.java/target/team-db/neostore.nodestore.db hit=0 miss=0 switches=0 ooe=0
2013-05-20 12:35:27.341+0000: /home/jeroldan/dev/github/katas/team.java/target/team-db/neostore hit=0 miss=16 switches=0 ooe=0
2013-05-20 12:35:27.386+0000: NeoStore closed
2013-05-20 12:35:27.431+0000: Closed log /home/jeroldan/dev/github/katas/team.java/target/team-db/index/lucene.log
2013-05-20 12:35:27.432+0000: --- SHUTDOWN diagnostics START ---
2013-05-20 12:35:27.432+0000: --- SHUTDOWN diagnostics END ---
